<?xml version="1.0" encoding="UTF-8"?>
<!-- Generated by org.testng.reporters.JUnitReportReporter -->
<testsuite skipped="0" hostname="RAGHUWANSHI-PC" name="verify_data.Verify" tests="2" failures="0" timestamp="2020-04-09T12:37:07 IST" time="35.791" errors="0">
  <testcase name="alldata" time="35.570" classname="verify_data.Verify"/>
  <system-out/>
  <testcase name="afterlogin" time="0.221" classname="verify_data.Verify"/>
  <system-out/>
</testsuite> <!-- verify_data.Verify -->
